app/build/outputs/logs/manifest-merger-debug-report.txt
-- Merging decision tree log ---
manifest
ADDED from src\main\AndroidManifest.xml:2:1-44:12
	package
		ADDED from src\main\AndroidManifest.xml:3:5-40
		INJECTED from src\main\AndroidManifest.xml
		INJECTED from src\main\AndroidManifest.xml
	android:versionName
		ADDED from src\main\AndroidManifest.xml:5:5-30
		INJECTED from src\main\AndroidManifest.xml
		INJECTED from src\main\AndroidManifest.xml
	android:versionCode
		ADDED from src\main\AndroidManifest.xml:4:5-28
		INJECTED from src\main\AndroidManifest.xml
		INJECTED from src\main\AndroidManifest.xml
	xmlns:android
		ADDED from src\main\AndroidManifest.xml:2:11-69
uses-permission#android.permission.WRITE_EXTERNAL_STORAGE
ADDED from src\main\AndroidManifest.xml:7:5-81
	android:name
		ADDED from src\main\AndroidManifest.xml:7:22-78
android:uses-permission#android.permission.READ_PHONE_STATE
ADDED from src\main\AndroidManifest.xml:9:5-83
	android:name
		ADDED from src\main\AndroidManifest.xml:9:30-80
android:uses-permission#android.permission.READ_EXTERNAL_STORAGE
ADDED from src\main\AndroidManifest.xml:10:5-12:38
	android:maxSdkVersion
		ADDED from src\main\AndroidManifest.xml:12:9-35
	android:name
		ADDED from src\main\AndroidManifest.xml:11:9-64
application
ADDED from src\main\AndroidManifest.xml:14:5-42:19
MERGED from [com.android.support:appcompat-v7:19.1.0] AndroidManifest.xml:19:5-20
	android:label
		ADDED from src\main\AndroidManifest.xml:17:9-54
	android:allowBackup
		ADDED from src\main\AndroidManifest.xml:15:9-35
	android:icon
		ADDED from src\main\AndroidManifest.xml:16:9-45
	android:theme
		ADDED from src\main\AndroidManifest.xml:18:9-40
activity#edu.byu.cs.superasteroids.importer.MainActivity
ADDED from src\main\AndroidManifest.xml:19:9-28:20
	android:screenOrientation
		ADDED from src\main\AndroidManifest.xml:22:13-50
	android:label
		ADDED from src\main\AndroidManifest.xml:21:13-45
	android:name
		ADDED from src\main\AndroidManifest.xml:20:13-50
intent-filter#android.intent.action.MAIN+android.intent.category.LAUNCHER
ADDED from src\main\AndroidManifest.xml:23:13-27:29
action#android.intent.action.MAIN
ADDED from src\main\AndroidManifest.xml:24:17-69
	android:name
		ADDED from src\main\AndroidManifest.xml:24:25-66
category#android.intent.category.LAUNCHER
ADDED from src\main\AndroidManifest.xml:26:17-77
	android:name
		ADDED from src\main\AndroidManifest.xml:26:27-74
activity#edu.byu.cs.superasteroids.game.GameActivity
ADDED from src\main\AndroidManifest.xml:29:9-31:53
	android:screenOrientation
		ADDED from src\main\AndroidManifest.xml:31:13-50
	android:name
		ADDED from src\main\AndroidManifest.xml:30:13-46
activity#edu.byu.cs.superasteroids.ship_builder.ShipBuildingActivity
ADDED from src\main\AndroidManifest.xml:32:9-36:20
	android:screenOrientation
		ADDED from src\main\AndroidManifest.xml:35:13-50
	android:label
		ADDED from src\main\AndroidManifest.xml:34:13-41
	android:name
		ADDED from src\main\AndroidManifest.xml:33:13-62
activity#edu.byu.cs.superasteroids.main_menu.MenuActivity
ADDED from src\main\AndroidManifest.xml:37:9-41:20
	android:screenOrientation
		ADDED from src\main\AndroidManifest.xml:40:13-50
	android:label
		ADDED from src\main\AndroidManifest.xml:39:13-45
	android:name
		ADDED from src\main\AndroidManifest.xml:38:13-51
uses-sdk
INJECTED from src\main\AndroidManifest.xml reason: use-sdk injection requested
MERGED from [com.android.support:appcompat-v7:19.1.0] AndroidManifest.xml:18:5-42
	android:targetSdkVersion
		INJECTED from src\main\AndroidManifest.xml
		INJECTED from src\main\AndroidManifest.xml
	android:minSdkVersion
		INJECTED from src\main\AndroidManifest.xml
		INJECTED from src\main\AndroidManifest.xml